<?xml version="1.0" encoding="UTF-8"?>
<!-- Generated by org.testng.reporters.JUnitReportReporter -->
<testsuite hostname="Chetans-MacBook-Pro.local" name="com.insureon.interview.tests.TestInsureonCompanyHistory" tests="2" failures="0" timestamp="9 Feb 2017 23:25:33 GMT" time="0.053" errors="0">
  <testcase name="test_Navigation_url" time="0.036" classname="com.insureon.interview.tests.TestInsureonCompanyHistory"/>
  <testcase name="test_navigation_title" time="0.017" classname="com.insureon.interview.tests.TestInsureonCompanyHistory"/>
</testsuite> <!-- com.insureon.interview.tests.TestInsureonCompanyHistory -->
