<?xml version="1.0" encoding="UTF-8"?>
<!-- Generated by org.testng.reporters.JUnitReportReporter -->
<testsuite hostname="Chetans-MacBook-Pro.local" name="com.insureon.interview.tests.PF_TestInsureonCompanyHistory" tests="1" failures="0" timestamp="9 Feb 2017 23:25:38 GMT" time="0.076" errors="0">
  <testcase name="test_Navigation" time="0.076" classname="com.insureon.interview.tests.PF_TestInsureonCompanyHistory"/>
</testsuite> <!-- com.insureon.interview.tests.PF_TestInsureonCompanyHistory -->
