<?xml version="1.0" encoding="UTF-8"?>
<!-- Generated by org.testng.reporters.JUnitReportReporter -->
<testsuite hostname="Chetans-MacBook-Pro.local" name="com.insureon.interview.tests.PF_TestInsureonHomePage" tests="1" failures="0" timestamp="9 Feb 2017 23:25:43 GMT" time="0.084" errors="0">
  <testcase name="test_Home_Page_Appear_Correct" time="0.084" classname="com.insureon.interview.tests.PF_TestInsureonHomePage"/>
</testsuite> <!-- com.insureon.interview.tests.PF_TestInsureonHomePage -->
